#
# A fatal error has been detected by the Java Runtime Environment:
#
#  SIGSEGV (0xb) at pc=0x00007f3c8cda7116, pid=18115, tid=18144
#
# JRE version: OpenJDK Runtime Environment AdoptOpenJDK (16.0+36) (build 16+36)
# Java VM: OpenJDK 64-Bit Server VM AdoptOpenJDK (16+36, mixed mode, sharing, tiered, compressed oops, g1 gc, linux-amd64)
# Problematic frame:
# C  [libc.so.6+0x43116]
#
# No core dump will be written. Core dumps have been disabled. To enable core dumping, try "ulimit -c unlimited" before starting Java again
#
# If you would like to submit a bug report, please visit:
#   https://github.com/AdoptOpenJDK/openjdk-support/issues
# The crash happened outside the Java Virtual Machine in native code.
# See problematic frame for where to report the bug.
#

---------------  S U M M A R Y ------------

Command Line: -Djdk.gtk.version=2 -Dprism.verbose=true --add-modules=javafx.controls,javafx.fxml --module-path=/home/lab/.gradle/caches/modules-2/files-2.1/org.openjfx/javafx-fxml/14/a02fcfbdb8b4ee30b3a6508383dd858c354690d9/javafx-fxml-14-linux.jar:/home/lab/.gradle/caches/modules-2/files-2.1/org.openjfx/javafx-controls/14/2bcf5308eb78334efe29ae9fe6ce82e7018fbe42/javafx-controls-14-linux.jar:/home/lab/.gradle/caches/modules-2/files-2.1/org.openjfx/javafx-graphics/14/df3d4a95f42f4e3ed50ad1d102c723eee6e26688/javafx-graphics-14-linux.jar:/home/lab/.gradle/caches/modules-2/files-2.1/org.openjfx/javafx-base/14/22e2d31c4f00da36fe46bebd893349b50a14647f/javafx-base-14-linux.jar -agentlib:jdwp=transport=dt_socket,server=n,suspend=y,address=127.0.0.1:45447 -Dfile.encoding=UTF-8 -Duser.country=US -Duser.language=en -Duser.variant recorder.App

Host: Intel(R) Core(TM) i5-9600K CPU @ 3.70GHz, 6 cores, 15G, elementary OS 5.1.7 Hera
Time: Sun Jun 13 16:42:46 2021 CEST elapsed time: 170451.412061 seconds (1d 23h 20m 51s)

---------------  T H R E A D  ---------------

Current thread (0x00007f3c844c2880):  JavaThread "JavaFX Application Thread" [_thread_in_native, id=18144, stack(0x00007f3bfd714000,0x00007f3bfd815000)]

Stack: [0x00007f3bfd714000,0x00007f3bfd815000],  sp=0x00007f3bfd813290,  free space=1020k
Native frames: (J=compiled Java code, A=aot compiled Java code, j=interpreted, Vv=VM code, C=native code)
C  [libc.so.6+0x43116]

Java frames: (J=compiled Java code, j=interpreted, Vv=VM code)
j  com.sun.glass.ui.gtk.GtkApplication._runLoop(Ljava/lang/Runnable;Z)V+0 javafx.graphics
j  com.sun.glass.ui.gtk.GtkApplication.lambda$runLoop$11(Ljava/lang/Runnable;Z)V+7 javafx.graphics
j  com.sun.glass.ui.gtk.GtkApplication$$Lambda$80+0x0000000800c31980.run()V+12 javafx.graphics
j  java.lang.Thread.run()V+11 java.base@16
v  ~StubRoutines::call_stub

siginfo: si_signo: 11 (SIGSEGV), si_code: 128 (SI_KERNEL), si_addr: 0x0000000000000000

Register to memory mapping:

RAX=0x00103d6f727c5f70 is an unknown value
RBX=0x0000000000000001 is an unknown value
RCX=0x0 is NULL
RDX=0x00007f3c8d14fc9f: <offset 0x00000000003ebc9f> in /lib/x86_64-linux-gnu/libc.so.6 at 0x00007f3c8cd64000
RSP=0x00007f3bfd813290 is pointing into the stack for thread: 0x00007f3c844c2880
RBP=0x0000000000000001 is an unknown value
RSI=0x0000000000000001 is an unknown value
RDI=0x0 is NULL
R8 =0x0 is NULL
R9 =0x0000000000000080 is an unknown value
R10=0x000000000000003a is an unknown value
R11=0x0 is NULL
R12=0x00007f3c8d14f718: <offset 0x00000000003eb718> in /lib/x86_64-linux-gnu/libc.so.6 at 0x00007f3c8cd64000
R13=0x000000000000002c is an unknown value
R14=0x00007f3c8d154708: <offset 0x00000000003f0708> in /lib/x86_64-linux-gnu/libc.so.6 at 0x00007f3c8cd64000
R15=0x000055ddcfdccb90 points into unknown readable memory: 0x000055ddcfddf6f0 | f0 f6 dd cf dd 55 00 00


Registers:
RAX=0x00103d6f727c5f70, RBX=0x0000000000000001, RCX=0x0000000000000000, RDX=0x00007f3c8d14fc9f
RSP=0x00007f3bfd813290, RBP=0x0000000000000001, RSI=0x0000000000000001, RDI=0x0000000000000000
R8 =0x0000000000000000, R9 =0x0000000000000080, R10=0x000000000000003a, R11=0x0000000000000000
R12=0x00007f3c8d14f718, R13=0x000000000000002c, R14=0x00007f3c8d154708, R15=0x000055ddcfdccb90
RIP=0x00007f3c8cda7116, EFLAGS=0x0000000000010202, CSGSFS=0x002b000000000033, ERR=0x0000000000000000
  TRAPNO=0x000000000000000d

Top of Stack: (sp=0x00007f3bfd813290)
0x00007f3bfd813290:   0000000000000000 0000000184430370
0x00007f3bfd8132a0:   00007f3bfd813310 00007f3c8442f0b0
0x00007f3bfd8132b0:   0000000000000000 00007f3bf0026be0
0x00007f3bfd8132c0:   00007f3bfd813310 00007f3c84430370 

Instructions: (pc=0x00007f3c8cda7116)
0x00007f3c8cda7016:   bb 01 00 00 00 0f 1f 44 00 00 89 de 31 c0 83 3d
0x00007f3c8cda7026:   ad d9 3a 00 00 74 09 f0 41 0f b1 36 75 08 eb 1c
0x00007f3c8cda7036:   41 0f b1 36 74 16 49 8d 3e 48 81 ec 80 00 00 00
0x00007f3c8cda7046:   e8 d5 d4 0e 00 48 81 c4 80 00 00 00 4d 8b 3c 24
0x00007f3c8cda7056:   4d 85 ff 75 69 e9 58 01 00 00 48 83 fa 04 0f 84
0x00007f3c8cda7066:   d6 00 00 00 48 83 fa 02 75 19 48 8b 50 18 48 8b
0x00007f3c8cda7076:   70 20 89 ef 48 c1 ca 11 64 48 33 14 25 30 00 00
0x00007f3c8cda7086:   00 ff d2 89 de 31 c0 83 3d 44 d9 3a 00 00 74 09
0x00007f3c8cda7096:   f0 41 0f b1 36 75 08 eb 1c 41 0f b1 36 74 16 49
0x00007f3c8cda70a6:   8d 3e 48 81 ec 80 00 00 00 e8 6c d4 0e 00 48 81
0x00007f3c8cda70b6:   c4 80 00 00 00 4c 39 2d 3e d6 3a 00 75 8e 49 8b
0x00007f3c8cda70c6:   47 08 48 85 c0 0f 84 9f 00 00 00 48 8d 50 ff 4c
0x00007f3c8cda70d6:   8b 2d 24 d6 3a 00 49 89 57 08 83 3d f1 d8 3a 00
0x00007f3c8cda70e6:   00 74 08 f0 41 ff 0e 75 07 eb 1b 41 ff 0e 74 16
0x00007f3c8cda70f6:   49 8d 3e 48 81 ec 80 00 00 00 e8 4b d4 0e 00 48